c:\opengl\opengl-ki-duniya\shaderdemo\debug\vc140.pdb
c:\opengl\opengl-ki-duniya\shaderdemo\debug\vc140.idb
c:\opengl\opengl-ki-duniya\shaderdemo\debug\bullet.obj
c:\opengl\opengl-ki-duniya\shaderdemo\debug\credits.obj
c:\opengl\opengl-ki-duniya\shaderdemo\debug\doorandframe.obj
c:\opengl\opengl-ki-duniya\shaderdemo\debug\drawmultiplebullet.obj
c:\opengl\opengl-ki-duniya\shaderdemo\debug\droplines.obj
c:\opengl\opengl-ki-duniya\shaderdemo\debug\godfathercpp.obj
c:\opengl\opengl-ki-duniya\shaderdemo\debug\godfatherlogoapi.obj
c:\opengl\opengl-ki-duniya\shaderdemo\debug\legowalk.obj
c:\opengl\opengl-ki-duniya\shaderdemo\debug\lucabracy.obj
c:\opengl\opengl-ki-duniya\shaderdemo\debug\machinegun.obj
c:\opengl\opengl-ki-duniya\shaderdemo\debug\main.obj
c:\opengl\opengl-ki-duniya\shaderdemo\debug\michaelcorleone.obj
c:\opengl\opengl-ki-duniya\shaderdemo\debug\neo.obj
c:\opengl\opengl-ki-duniya\shaderdemo\debug\pistol.obj
c:\opengl\opengl-ki-duniya\shaderdemo\debug\rifle.obj
c:\opengl\opengl-ki-duniya\shaderdemo\debug\room.obj
c:\opengl\opengl-ki-duniya\shaderdemo\debug\santinocharacter.obj
c:\opengl\opengl-ki-duniya\shaderdemo\debug\shadersbullets.obj
c:\opengl\opengl-ki-duniya\shaderdemo\debug\shortgun.obj
c:\opengl\opengl-ki-duniya\shaderdemo\debug\util.obj
c:\opengl\opengl-ki-duniya\shaderdemo\debug\shaderdemo.ilk
c:\opengl\opengl-ki-duniya\shaderdemo\debug\shaderdemo.exe
c:\opengl\opengl-ki-duniya\shaderdemo\debug\shaderdemo.pdb
c:\opengl\opengl-ki-duniya\shaderdemo\debug\main.res
c:\opengl\opengl-ki-duniya\shaderdemo\debug\shaderdemo.tlog\cl.command.1.tlog
c:\opengl\opengl-ki-duniya\shaderdemo\debug\shaderdemo.tlog\cl.read.1.tlog
c:\opengl\opengl-ki-duniya\shaderdemo\debug\shaderdemo.tlog\cl.write.1.tlog
c:\opengl\opengl-ki-duniya\shaderdemo\debug\shaderdemo.tlog\link.command.1.tlog
c:\opengl\opengl-ki-duniya\shaderdemo\debug\shaderdemo.tlog\link.read.1.tlog
c:\opengl\opengl-ki-duniya\shaderdemo\debug\shaderdemo.tlog\link.write.1.tlog
c:\opengl\opengl-ki-duniya\shaderdemo\debug\shaderdemo.tlog\rc.command.1.tlog
c:\opengl\opengl-ki-duniya\shaderdemo\debug\shaderdemo.tlog\rc.read.1.tlog
c:\opengl\opengl-ki-duniya\shaderdemo\debug\shaderdemo.tlog\rc.write.1.tlog
